This is pdfTeX, Version 3.141592653-2.6-1.40.28 (MiKTeX 25.12) (preloaded format=pdflatex 2025.12.30)  15 JAN 2026 20:31
entering extended mode
 restricted \write18 enabled.
 file:line:error style messages enabled.
 %&-line parsing enabled.
**e:/latex/CacheMigrate_ICPADS/CacheMigrate.tex
(e:/latex/CacheMigrate_ICPADS/CacheMigrate.tex
LaTeX2e <2025-11-01>
L3 programming layer <2025-12-24>
(IEEEtran.cls
Document Class: IEEEtran 2015/08/26 V1.8b by Michael Shell
-- See the "IEEEtran_HOWTO" manual for usage information.
-- http://www.michaelshell.org/tex/ieeetran/
\@IEEEtrantmpdimenA=\dimen148
\@IEEEtrantmpdimenB=\dimen149
\@IEEEtrantmpdimenC=\dimen150
\@IEEEtrantmpcountA=\count275
\@IEEEtrantmpcountB=\count276
\@IEEEtrantmpcountC=\count277
\@IEEEtrantmptoksA=\toks17
LaTeX Font Info:    Trying to load font information for OT1+ptm on input line 503.
(D:\MiKTeX\tex/latex/psnfss\ot1ptm.fd
File: ot1ptm.fd 2001/06/04 font definitions for OT1/ptm.
)
-- Using 8.5in x 11in (letter) paper.
-- Using PDF output.
\@IEEEnormalsizeunitybaselineskip=\dimen151
-- This is a 10 point document.
LaTeX Encoding Info:    Redeclaring text command \textunderscore (encoding ?) on input line 937.
\CLASSINFOnormalsizebaselineskip=\dimen152
\CLASSINFOnormalsizeunitybaselineskip=\dimen153
\IEEEnormaljot=\dimen154
LaTeX Font Info:    Font shape `OT1/ptm/bx/n' in size <5> not available
(Font)              Font shape `OT1/ptm/b/n' tried instead on input line 1090.
LaTeX Font Info:    Font shape `OT1/ptm/bx/it' in size <5> not available
(Font)              Font shape `OT1/ptm/b/it' tried instead on input line 1090.
LaTeX Font Info:    Font shape `OT1/ptm/bx/n' in size <7> not available
(Font)              Font shape `OT1/ptm/b/n' tried instead on input line 1090.
LaTeX Font Info:    Font shape `OT1/ptm/bx/it' in size <7> not available
(Font)              Font shape `OT1/ptm/b/it' tried instead on input line 1090.
LaTeX Font Info:    Font shape `OT1/ptm/bx/n' in size <8> not available
(Font)              Font shape `OT1/ptm/b/n' tried instead on input line 1090.
LaTeX Font Info:    Font shape `OT1/ptm/bx/it' in size <8> not available
(Font)              Font shape `OT1/ptm/b/it' tried instead on input line 1090.
LaTeX Font Info:    Font shape `OT1/ptm/bx/n' in size <9> not available
(Font)              Font shape `OT1/ptm/b/n' tried instead on input line 1090.
LaTeX Font Info:    Font shape `OT1/ptm/bx/it' in size <9> not available
(Font)              Font shape `OT1/ptm/b/it' tried instead on input line 1090.
LaTeX Font Info:    Font shape `OT1/ptm/bx/n' in size <10> not available
(Font)              Font shape `OT1/ptm/b/n' tried instead on input line 1090.
LaTeX Font Info:    Font shape `OT1/ptm/bx/it' in size <10> not available
(Font)              Font shape `OT1/ptm/b/it' tried instead on input line 1090.
LaTeX Font Info:    Font shape `OT1/ptm/bx/n' in size <11> not available
(Font)              Font shape `OT1/ptm/b/n' tried instead on input line 1090.
LaTeX Font Info:    Font shape `OT1/ptm/bx/it' in size <11> not available
(Font)              Font shape `OT1/ptm/b/it' tried instead on input line 1090.
LaTeX Font Info:    Font shape `OT1/ptm/bx/n' in size <12> not available
(Font)              Font shape `OT1/ptm/b/n' tried instead on input line 1090.
LaTeX Font Info:    Font shape `OT1/ptm/bx/it' in size <12> not available
(Font)              Font shape `OT1/ptm/b/it' tried instead on input line 1090.
LaTeX Font Info:    Font shape `OT1/ptm/bx/n' in size <17> not available
(Font)              Font shape `OT1/ptm/b/n' tried instead on input line 1090.
LaTeX Font Info:    Font shape `OT1/ptm/bx/it' in size <17> not available
(Font)              Font shape `OT1/ptm/b/it' tried instead on input line 1090.
LaTeX Font Info:    Font shape `OT1/ptm/bx/n' in size <20> not available
(Font)              Font shape `OT1/ptm/b/n' tried instead on input line 1090.
LaTeX Font Info:    Font shape `OT1/ptm/bx/it' in size <20> not available
(Font)              Font shape `OT1/ptm/b/it' tried instead on input line 1090.
LaTeX Font Info:    Font shape `OT1/ptm/bx/n' in size <24> not available
(Font)              Font shape `OT1/ptm/b/n' tried instead on input line 1090.
LaTeX Font Info:    Font shape `OT1/ptm/bx/it' in size <24> not available
(Font)              Font shape `OT1/ptm/b/it' tried instead on input line 1090.
\IEEEquantizedlength=\dimen155
\IEEEquantizedlengthdiff=\dimen156
\IEEEquantizedtextheightdiff=\dimen157
\IEEEilabelindentA=\dimen158
\IEEEilabelindentB=\dimen159
\IEEEilabelindent=\dimen160
\IEEEelabelindent=\dimen161
\IEEEdlabelindent=\dimen162
\IEEElabelindent=\dimen163
\IEEEiednormlabelsep=\dimen164
\IEEEiedmathlabelsep=\dimen165
\IEEEiedtopsep=\skip49
\c@section=\count278
\c@subsection=\count279
\c@subsubsection=\count280
\c@paragraph=\count281
\c@IEEEsubequation=\count282
\abovecaptionskip=\skip50
\belowcaptionskip=\skip51
\c@figure=\count283
\c@table=\count284
\@IEEEeqnnumcols=\count285
\@IEEEeqncolcnt=\count286
\@IEEEsubeqnnumrollback=\count287
\@IEEEquantizeheightA=\dimen166
\@IEEEquantizeheightB=\dimen167
\@IEEEquantizeheightC=\dimen168
\@IEEEquantizeprevdepth=\dimen169
\@IEEEquantizemultiple=\count288
\@IEEEquantizeboxA=\box53
\@IEEEtmpitemindent=\dimen170
\IEEEPARstartletwidth=\dimen171
\c@IEEEbiography=\count289
\@IEEEtranrubishbin=\box54
)
** ATTENTION: Overriding command lockouts (line 2).
(D:\MiKTeX\tex/latex/cite\cite.sty
LaTeX Info: Redefining \cite on input line 302.
LaTeX Info: Redefining \nocite on input line 332.
Package: cite 2015/02/27  v 5.5
) (D:\MiKTeX\tex/latex/amsmath\amsmath.sty
Package: amsmath 2025/07/09 v2.17z AMS math features
\@mathmargin=\skip52

For additional information on amsmath, use the `?' option.
(D:\MiKTeX\tex/latex/amsmath\amstext.sty
Package: amstext 2024/11/17 v2.01 AMS text
 (D:\MiKTeX\tex/latex/amsmath\amsgen.sty
File: amsgen.sty 1999/11/30 v2.0 generic functions
\@emptytoks=\toks18
\ex@=\dimen172
)) (D:\MiKTeX\tex/latex/amsmath\amsbsy.sty
Package: amsbsy 1999/11/29 v1.2d Bold Symbols
\pmbraise@=\dimen173
) (D:\MiKTeX\tex/latex/amsmath\amsopn.sty
Package: amsopn 2022/04/08 v2.04 operator names
)
\inf@bad=\count290
LaTeX Info: Redefining \frac on input line 233.
\uproot@=\count291
\leftroot@=\count292
LaTeX Info: Redefining \overline on input line 398.
LaTeX Info: Redefining \colon on input line 409.
\classnum@=\count293
\DOTSCASE@=\count294
LaTeX Info: Redefining \ldots on input line 495.
LaTeX Info: Redefining \dots on input line 498.
LaTeX Info: Redefining \cdots on input line 619.
\Mathstrutbox@=\box55
\strutbox@=\box56
LaTeX Info: Redefining \big on input line 721.
LaTeX Info: Redefining \Big on input line 722.
LaTeX Info: Redefining \bigg on input line 723.
LaTeX Info: Redefining \Bigg on input line 724.
\big@size=\dimen174
LaTeX Font Info:    Redeclaring font encoding OML on input line 742.
LaTeX Font Info:    Redeclaring font encoding OMS on input line 743.
\macc@depth=\count295
LaTeX Info: Redefining \bmod on input line 904.
LaTeX Info: Redefining \pmod on input line 909.
LaTeX Info: Redefining \smash on input line 939.
LaTeX Info: Redefining \relbar on input line 969.
LaTeX Info: Redefining \Relbar on input line 970.
\c@MaxMatrixCols=\count296
\dotsspace@=\muskip17
\c@parentequation=\count297
\dspbrk@lvl=\count298
\tag@help=\toks19
\row@=\count299
\column@=\count300
\maxfields@=\count301
\andhelp@=\toks20
\eqnshift@=\dimen175
\alignsep@=\dimen176
\tagshift@=\dimen177
\tagwidth@=\dimen178
\totwidth@=\dimen179
\lineht@=\dimen180
\@envbody=\toks21
\multlinegap=\skip53
\multlinetaggap=\skip54
\mathdisplay@stack=\toks22
LaTeX Info: Redefining \[ on input line 2950.
LaTeX Info: Redefining \] on input line 2951.
) (D:\MiKTeX\tex/latex/amsfonts\amssymb.sty
Package: amssymb 2013/01/14 v3.01 AMS font symbols
 (D:\MiKTeX\tex/latex/amsfonts\amsfonts.sty
Package: amsfonts 2013/01/14 v3.01 Basic AMSFonts support
\symAMSa=\mathgroup4
\symAMSb=\mathgroup5
LaTeX Font Info:    Redeclaring math symbol \hbar on input line 98.
LaTeX Font Info:    Overwriting math alphabet `\mathfrak' in version `bold'
(Font)                  U/euf/m/n --> U/euf/b/n on input line 106.
)) (D:\MiKTeX\tex/latex/algorithms\algorithmic.sty
Package: algorithmic 2009/08/24 v0.1 Document Style `algorithmic'
 (D:\MiKTeX\tex/latex/base\ifthen.sty
Package: ifthen 2024/03/16 v1.1e Standard LaTeX ifthen package (DPC)
) (D:\MiKTeX\tex/latex/graphics\keyval.sty
Package: keyval 2022/05/29 v1.15 key=value parser (DPC)
\KV@toks@=\toks23
)
\c@ALC@unique=\count302
\c@ALC@line=\count303
\c@ALC@rem=\count304
\c@ALC@depth=\count305
\ALC@tlm=\skip55
\algorithmicindent=\skip56
) (D:\MiKTeX\tex/latex/algorithms\algorithm.sty
Package: algorithm 2009/08/24 v0.1 Document Style `algorithm' - floating environment
 (D:\MiKTeX\tex/latex/float\float.sty
Package: float 2001/11/08 v1.3d Float enhancements (AL)
\c@float@type=\count306
\float@exts=\toks24
\float@box=\box57
\@float@everytoks=\toks25
\@floatcapt=\box58
)
\@float@every@algorithm=\toks26
\c@algorithm=\count307
) (D:\MiKTeX\tex/latex/graphics\graphicx.sty
Package: graphicx 2024/12/31 v1.2e Enhanced LaTeX Graphics (DPC,SPQR)
 (D:\MiKTeX\tex/latex/graphics\graphics.sty
Package: graphics 2024/08/06 v1.4g Standard LaTeX Graphics (DPC,SPQR)
 (D:\MiKTeX\tex/latex/graphics\trig.sty
Package: trig 2023/12/02 v1.11 sin cos tan (DPC)
) (D:\MiKTeX\tex/latex/graphics-cfg\graphics.cfg
File: graphics.cfg 2016/06/04 v1.11 sample graphics configuration
)
Package graphics Info: Driver file: pdftex.def on input line 106.
 (D:\MiKTeX\tex/latex/graphics-def\pdftex.def
File: pdftex.def 2025/09/29 v1.2d Graphics/color driver for pdftex
))
\Gin@req@height=\dimen181
\Gin@req@width=\dimen182
) (D:\MiKTeX\tex/latex/base\textcomp.sty
Package: textcomp 2024/04/24 v2.1b Standard LaTeX package
) (D:\MiKTeX\tex/latex/xcolor\xcolor.sty
Package: xcolor 2024/09/29 v3.02 LaTeX color extensions (UK)
 (D:\MiKTeX\tex/latex/graphics-cfg\color.cfg
File: color.cfg 2016/01/02 v1.6 sample color configuration
)
Package xcolor Info: Driver file: pdftex.def on input line 274.
 (D:\MiKTeX\tex/latex/graphics\mathcolor.ltx)
Package xcolor Info: Model `cmy' substituted by `cmy0' on input line 1349.
Package xcolor Info: Model `hsb' substituted by `rgb' on input line 1353.
Package xcolor Info: Model `RGB' extended on input line 1365.
Package xcolor Info: Model `HTML' substituted by `rgb' on input line 1367.
Package xcolor Info: Model `Hsb' substituted by `hsb' on input line 1368.
Package xcolor Info: Model `tHsb' substituted by `hsb' on input line 1369.
Package xcolor Info: Model `HSB' substituted by `hsb' on input line 1370.
Package xcolor Info: Model `Gray' substituted by `gray' on input line 1371.
Package xcolor Info: Model `wave' substituted by `hsb' on input line 1372.
) (D:\MiKTeX\tex/generic/soul\soul.sty
Package: soul 2023-06-14 v3.1 Permit use of UTF-8 characters in soul (HO)
 (D:\MiKTeX\tex/generic/soul\soul-ori.sty
Package: soul-ori 2023-06-14 v3.1 letterspacing/underlining (mf)
\SOUL@word=\toks27
\SOUL@lasttoken=\toks28
\SOUL@syllable=\toks29
\SOUL@cmds=\toks30
\SOUL@buffer=\toks31
\SOUL@token=\toks32
\SOUL@syllgoal=\dimen183
\SOUL@syllwidth=\dimen184
\SOUL@charkern=\dimen185
\SOUL@hyphkern=\dimen186
\SOUL@dimen=\dimen187
\SOUL@dimeni=\dimen188
\SOUL@minus=\count308
\SOUL@comma=\count309
\SOUL@apo=\count310
\SOUL@grave=\count311
\SOUL@spaceskip=\skip57
\SOUL@ttwidth=\dimen189
\SOUL@uldp=\dimen190
\SOUL@ulht=\dimen191
) (D:\MiKTeX\tex/generic/infwarerr\infwarerr.sty
Package: infwarerr 2019/12/03 v1.5 Providing info/warning/error messages (HO)
) (D:\MiKTeX\tex/generic/etexcmds\etexcmds.sty
Package: etexcmds 2019/12/15 v1.7 Avoid name clashes with e-TeX commands (HO)
 (D:\MiKTeX\tex/generic/iftex\iftex.sty
Package: iftex 2024/12/12 v1.0g TeX engine tests
))) (D:\MiKTeX\tex/latex/subfig\subfig.sty
Package: subfig 2005/06/28 ver: 1.3 subfig package
 (D:\MiKTeX\tex/latex/caption\caption.sty
Package: caption 2023/08/05 v3.6o Customizing captions (AR)
 (D:\MiKTeX\tex/latex/caption\caption3.sty
Package: caption3 2023/07/31 v2.4d caption3 kernel (AR)
\caption@tempdima=\dimen192
\captionmargin=\dimen193
\caption@leftmargin=\dimen194
\caption@rightmargin=\dimen195
\caption@width=\dimen196
\caption@indent=\dimen197
\caption@parindent=\dimen198
\caption@hangindent=\dimen199
Package caption Info: Unknown document class (or package),
(caption)             standard defaults will be used.
Package caption Info: \@makecaption = \long macro:#1#2->\ifx \@captype \@IEEEtablestring \footnotesize \bgroup \par \centering \@IEEEtabletopskipstrut {\normalfont \footnotesize #1}\\{\normalfont \footnotesize \scshape #2}\par \addvspace {0.5\baselineskip }\egroup \@IEEEtablecaptionsepspace \else \@IEEEfigurecaptionsepspace \setbox \@tempboxa \hbox {\normalfont \footnotesize {#1.}\nobreakspace \nobreakspace #2}\ifdim \wd \@tempboxa >\hsize \setbox \@tempboxa \hbox {\normalfont \footnotesize {#1.}\nobreakspace \nobreakspace }\parbox [t]{\hsize }{\normalfont \footnotesize \noindent \unhbox \@tempboxa #2}\else \ifCLASSOPTIONconference \hbox to\hsize {\normalfont \footnotesize \hfil \box \@tempboxa \hfil }\else \hbox to\hsize {\normalfont \footnotesize \box \@tempboxa \hfil }\fi \fi \fi  on input line 1175.
)

Package caption Warning: Unknown document class (or package),
(caption)                standard defaults will be used.
See the caption package documentation for explanation.

\c@caption@flags=\count312
\c@continuedfloat=\count313
Package caption Info: float package is loaded.
)
\c@KVtest=\count314
\sf@farskip=\skip58
\sf@captopadj=\dimen256
\sf@capskip=\skip59
\sf@nearskip=\skip60
\c@subfigure=\count315
\c@subfigure@save=\count316
\c@lofdepth=\count317
\c@subtable=\count318
\c@subtable@save=\count319
\c@lotdepth=\count320
\sf@top=\skip61
\sf@bottom=\skip62
) (D:\MiKTeX\tex/latex/psnfss\pifont.sty
Package: pifont 2020/03/25 PSNFSS-v9.3 Pi font support (SPQR) 
LaTeX Font Info:    Trying to load font information for U+pzd on input line 63.
 (D:\MiKTeX\tex/latex/psnfss\upzd.fd
File: upzd.fd 2001/06/04 font definitions for U/pzd.
)
LaTeX Font Info:    Trying to load font information for U+psy on input line 64.
 (D:\MiKTeX\tex/latex/psnfss\upsy.fd
File: upsy.fd 2001/06/04 font definitions for U/psy.
)) (D:\MiKTeX\tex/latex/l3backend\l3backend-pdftex.def
File: l3backend-pdftex.def 2025-10-09 L3 backend support: PDF output (pdfTeX)
\l__color_backend_stack_int=\count321
) (CacheMigrate.aux)
\openout1 = `CacheMigrate.aux'.

LaTeX Font Info:    Checking defaults for OML/cmm/m/it on input line 23.
LaTeX Font Info:    ... okay on input line 23.
LaTeX Font Info:    Checking defaults for OMS/cmsy/m/n on input line 23.
LaTeX Font Info:    ... okay on input line 23.
LaTeX Font Info:    Checking defaults for OT1/cmr/m/n on input line 23.
LaTeX Font Info:    ... okay on input line 23.
LaTeX Font Info:    Checking defaults for T1/cmr/m/n on input line 23.
LaTeX Font Info:    ... okay on input line 23.
LaTeX Font Info:    Checking defaults for TS1/cmr/m/n on input line 23.
LaTeX Font Info:    ... okay on input line 23.
LaTeX Font Info:    Checking defaults for OMX/cmex/m/n on input line 23.
LaTeX Font Info:    ... okay on input line 23.
LaTeX Font Info:    Checking defaults for U/cmr/m/n on input line 23.
LaTeX Font Info:    ... okay on input line 23.

-- Lines per column: 56 (exact).
(D:\MiKTeX\tex/context/base/mkii\supp-pdf.mkii
[Loading MPS to PDF converter (version 2006.09.02).]
\scratchcounter=\count322
\scratchdimen=\dimen257
\scratchbox=\box59
\nofMPsegments=\count323
\nofMParguments=\count324
\everyMPshowfont=\toks33
\MPscratchCnt=\count325
\MPscratchDim=\dimen258
\MPnumerator=\count326
\makeMPintoPDFobject=\count327
\everyMPtoPDFconversion=\toks34
) (D:\MiKTeX\tex/latex/epstopdf-pkg\epstopdf-base.sty
Package: epstopdf-base 2020-01-24 v2.11 Base part for package epstopdf
Package epstopdf-base Info: Redefining graphics rule for `.eps' on input line 485.
 (D:\MiKTeX\tex/latex/00miktex\epstopdf-sys.cfg
File: epstopdf-sys.cfg 2021/03/18 v2.0 Configuration of epstopdf for MiKTeX
))
Package caption Info: Begin \AtBeginDocument code.
Package caption Info: subfig package v1.3 is loaded.
Package caption Info: End \AtBeginDocument code.
LaTeX Font Info:    Calculating math sizes for size <11> on input line 49.
LaTeX Font Info:    Trying to load font information for U+msa on input line 49.
 (D:\MiKTeX\tex/latex/amsfonts\umsa.fd
File: umsa.fd 2013/01/14 v3.01 AMS symbols A
)
LaTeX Font Info:    Trying to load font information for U+msb on input line 49.
 (D:\MiKTeX\tex/latex/amsfonts\umsb.fd
File: umsb.fd 2013/01/14 v3.01 AMS symbols B
) [1{C:/Users/s/AppData/Local/MiKTeX/fonts/map/pdftex/pdftex.map}{D:/MiKTeX/fonts/enc/dvips/base/8r.enc}


]
LaTeX Font Info:    Trying to load font information for TS1+ptm on input line 75.
 (D:\MiKTeX\tex/latex/psnfss\ts1ptm.fd
File: ts1ptm.fd 2001/06/04 font definitions for TS1/ptm.
)

pdfTeX warning: pdflatex (file ./figures/per-cluster_architecture.pdf): PDF inclusion: found PDF version <1.7>, but at most version <1.5> allowed
<figures/per-cluster_architecture.pdf, id=11, 305.82254pt x 277.39633pt>
File: figures/per-cluster_architecture.pdf Graphic file (type pdf)
<use figures/per-cluster_architecture.pdf>
Package pdftex.def Info: figures/per-cluster_architecture.pdf  used on input line 106.
(pdftex.def)             Requested size: 201.60077pt x 182.86627pt.


pdfTeX warning: pdflatex (file ./figures/Protocol.pdf): PDF inclusion: found PDF version <1.7>, but at most version <1.5> allowed
<figures/Protocol.pdf, id=12, 467.94826pt x 87.32625pt>
File: figures/Protocol.pdf Graphic file (type pdf)
<use figures/Protocol.pdf>
Package pdftex.def Info: figures/Protocol.pdf  used on input line 108.
(pdftex.def)             Requested size: 201.60077pt x 37.6215pt.
[2] [3 <./figures/per-cluster_architecture.pdf> <./figures/Protocol.pdf

pdfTeX warning: pdflatex (file ./figures/Protocol.pdf): PDF inclusion: multiple pdfs with page group included in a single page
>]

pdfTeX warning: pdflatex (file ./figures/migration_flow.pdf): PDF inclusion: found PDF version <1.7>, but at most version <1.5> allowed
<figures/migration_flow.pdf, id=36, 310.0383pt x 233.31165pt>
File: figures/migration_flow.pdf Graphic file (type pdf)
<use figures/migration_flow.pdf>
Package pdftex.def Info: figures/migration_flow.pdf  used on input line 164.
(pdftex.def)             Requested size: 201.60077pt x 151.71129pt.
[4 <./figures/migration_flow.pdf>]
LaTeX Font Info:    Trying to load font information for OT1+pcr on input line 226.
 (D:\MiKTeX\tex/latex/psnfss\ot1pcr.fd
File: ot1pcr.fd 2001/06/04 font definitions for OT1/pcr.
) [5]

pdfTeX warning: pdflatex (file ./figures/Throughput_with_different_skewness.pdf): PDF inclusion: found PDF version <1.7>, but at most version <1.5> allowed
<figures/Throughput_with_different_skewness.pdf, id=78, 460.11537pt x 282.55354pt>
File: figures/Throughput_with_different_skewness.pdf Graphic file (type pdf)
<use figures/Throughput_with_different_skewness.pdf>
Package pdftex.def Info: figures/Throughput_with_different_skewness.pdf  used on input line 294.
(pdftex.def)             Requested size: 154.80157pt x 95.06236pt.


pdfTeX warning: pdflatex (file ./figures/Latency.pdf): PDF inclusion: found PDF version <1.7>, but at most version <1.5> allowed
<figures/Latency.pdf, id=79, 460.11537pt x 282.55354pt>
File: figures/Latency.pdf Graphic file (type pdf)
<use figures/Latency.pdf>
Package pdftex.def Info: figures/Latency.pdf  used on input line 299.
(pdftex.def)             Requested size: 154.80157pt x 95.06236pt.


pdfTeX warning: pdflatex (file ./figures/Imbalance.pdf): PDF inclusion: found PDF version <1.7>, but at most version <1.5> allowed
<figures/Imbalance.pdf, id=80, 460.11537pt x 282.55354pt>
File: figures/Imbalance.pdf Graphic file (type pdf)
<use figures/Imbalance.pdf>
Package pdftex.def Info: figures/Imbalance.pdf  used on input line 304.
(pdftex.def)             Requested size: 154.80157pt x 95.06236pt.


pdfTeX warning: pdflatex (file ./figures/Impact_of_cache_size.pdf): PDF inclusion: found PDF version <1.7>, but at most version <1.5> allowed
<figures/Impact_of_cache_size.pdf, id=81, 460.15404pt x 282.55354pt>
File: figures/Impact_of_cache_size.pdf Graphic file (type pdf)
<use figures/Impact_of_cache_size.pdf>
Package pdftex.def Info: figures/Impact_of_cache_size.pdf  used on input line 309.
(pdftex.def)             Requested size: 154.80157pt x 95.05374pt.


pdfTeX warning: pdflatex (file ./figures/Impact_of_write_ratio.pdf): PDF inclusion: found PDF version <1.7>, but at most version <1.5> allowed
<figures/Impact_of_write_ratio.pdf, id=82, 460.11537pt x 282.55354pt>
File: figures/Impact_of_write_ratio.pdf Graphic file (type pdf)
<use figures/Impact_of_write_ratio.pdf>
Package pdftex.def Info: figures/Impact_of_write_ratio.pdf  used on input line 314.
(pdftex.def)             Requested size: 154.80157pt x 95.06236pt.


pdfTeX warning: pdflatex (file ./figures/Scalability.pdf): PDF inclusion: found PDF version <1.7>, but at most version <1.5> allowed
<figures/Scalability.pdf, id=83, 460.11537pt x 282.55354pt>
File: figures/Scalability.pdf Graphic file (type pdf)
<use figures/Scalability.pdf>
Package pdftex.def Info: figures/Scalability.pdf  used on input line 319.
(pdftex.def)             Requested size: 154.80157pt x 95.06236pt.


pdfTeX warning: pdflatex (file ./figures/Impact_of_migrateion_size.pdf): PDF inclusion: found PDF version <1.7>, but at most version <1.5> allowed
<figures/Impact_of_migrateion_size.pdf, id=84, 465.14394pt x 230.3432pt>
File: figures/Impact_of_migrateion_size.pdf Graphic file (type pdf)
<use figures/Impact_of_migrateion_size.pdf>
Package pdftex.def Info: figures/Impact_of_migrateion_size.pdf  used on input line 348.
(pdftex.def)             Requested size: 176.39923pt x 87.35207pt.
[6] [7 <./figures/Throughput_with_different_skewness.pdf> <./figures/Latency.pdf

pdfTeX warning: pdflatex (file ./figures/Latency.pdf): PDF inclusion: multiple pdfs with page group included in a single page
> <./figures/Imbalance.pdf

pdfTeX warning: pdflatex (file ./figures/Imbalance.pdf): PDF inclusion: multiple pdfs with page group included in a single page
> <./figures/Impact_of_cache_size.pdf

pdfTeX warning: pdflatex (file ./figures/Impact_of_cache_size.pdf): PDF inclusion: multiple pdfs with page group included in a single page
> <./figures/Impact_of_write_ratio.pdf

pdfTeX warning: pdflatex (file ./figures/Impact_of_write_ratio.pdf): PDF inclusion: multiple pdfs with page group included in a single page
> <./figures/Scalability.pdf

pdfTeX warning: pdflatex (file ./figures/Scalability.pdf): PDF inclusion: multiple pdfs with page group included in a single page
> <./figures/Impact_of_migrateion_size.pdf

pdfTeX warning: pdflatex (file ./figures/Impact_of_migrateion_size.pdf): PDF inclusion: multiple pdfs with page group included in a single page
>]
Underfull \hbox (badness 5681) in paragraph at lines 403--404
[]\OT1/ptm/m/n/10 This pa-per was sup-ported by Shenyang Aerospace
 []


Underfull \hbox (badness 3503) in paragraph at lines 403--404
\OT1/ptm/m/n/10 Uni-ver-sity Tal-ent Re-search Start-up Fund un-der Grant
 []

(CacheMigrate.bbl
Underfull \hbox (badness 10000) in paragraph at lines 105--106
[]\OT1/ptm/m/n/8 Intel Cor-po-ra-tion, ``Ex-plore the Power of In-
 []


Underfull \hbox (badness 10000) in paragraph at lines 105--106
\OT1/ptm/m/n/8 tel\TS1/ptm/m/n/8 ® \OT1/ptm/m/n/8 In-tel-li-gent Fab-ric Pro-ces-sors --- Tofino,''
 []


Underfull \hbox (badness 10000) in paragraph at lines 105--106
\OT1/ptm/m/n/8 https://www.intel.com/content/www/us/en/products/network-
 []


Underfull \hbox (badness 10000) in paragraph at lines 117--118
[]\OT1/ptm/m/n/8 Redis, ``Re-dis - The Real-time Data Plat-form --- re-dis.io,''
 []

)

** Conference Paper **
Before submitting the final camera ready copy, remember to:

 1. Manually equalize the lengths of two columns on the last page
 of your paper;

 2. Ensure that any PostScript and/or PDF output post-processing
 uses only Type 1 fonts and that every step in the generation
 process uses the appropriate paper size.

[8] (CacheMigrate.aux)
 ***********
LaTeX2e <2025-11-01>
L3 programming layer <2025-12-24>
 ***********
 ) 
Here is how much of TeX's memory you used:
 6536 strings out of 467870
 107143 string characters out of 5435201
 605220 words of memory out of 5000000
 35319 multiletter control sequences out of 15000+600000
 671803 words of font info for 132 fonts, out of 8000000 for 9000
 1141 hyphenation exceptions out of 8191
 69i,14n,79p,1267b,702s stack positions out of 10000i,1000n,20000p,200000b,200000s
<D:/MiKTeX/fonts/type1/public/amsfonts/cm/cmex10.pfb><D:/MiKTeX/fonts/type1/public/amsfonts/cm/cmmi10.pfb><D:/MiKTeX/fonts/type1/public/amsfonts/cm/cmmi5.pfb><D:/MiKTeX/fonts/type1/public/amsfonts/cm/cmmi7.pfb><D:/MiKTeX/fonts/type1/public/amsfonts/cm/cmr10.pfb><D:/MiKTeX/fonts/type1/public/amsfonts/cm/cmr7.pfb><D:/MiKTeX/fonts/type1/public/amsfonts/cm/cmsy10.pfb><D:/MiKTeX/fonts/type1/public/amsfonts/cm/cmsy7.pfb><D:/MiKTeX/fonts/type1/public/amsfonts/cm/cmsy8.pfb><D:/MiKTeX/fonts/type1/urw/courier/ucrr8a.pfb><D:/MiKTeX/fonts/type1/urw/times/utmb8a.pfb><D:/MiKTeX/fonts/type1/urw/times/utmbi8a.pfb><D:/MiKTeX/fonts/type1/urw/times/utmr8a.pfb><D:/MiKTeX/fonts/type1/urw/times/utmri8a.pfb><D:/MiKTeX/fonts/type1/urw/zapfding/uzdr.pfb>
Output written on CacheMigrate.pdf (8 pages, 738708 bytes).
PDF statistics:
 219 PDF objects out of 1000 (max. 8388607)
 0 named destinations out of 1000 (max. 500000)
 51 words of extra memory for PDF output out of 10000 (max. 10000000)

